Sun Sep 03 16:29:21 2017
0 - CERT_CONNECTED
Sun Sep 03 16:29:21 2017
2 - CERT_SRVR_LIST
Sun Sep 03 16:29:21 2017
4 - LOGIN_CONNECTED
Sun Sep 03 16:29:21 2017
8 - LOGIN_CACHE_ADDR
Sun Sep 03 16:29:21 2017
6 - LOGIN_PLAYER_LIST
Sun Sep 03 16:29:21 2017
15 - CERT_DISCONNECT
network error:64
Sun Sep 03 16:29:22 2017
9 - CACHE_CONNECTED
Sun Sep 03 16:29:23 2017
11 - LOGIN_REQ_PREJOIN
Sun Sep 03 16:29:23 2017
12 - LOGIN_ACK_PREJOIN
Sun Sep 03 16:29:23 2017
13 - CACHE_ACK_JOIN
Sun Sep 03 16:45:39 2017
17 - CACHE_DISCONNECT
network error:64
Sun Sep 03 16:45:39 2017
16 - LOGIN_DISCONNECT
network error:64
Sun Sep 03 16:45:43 2017
1 - CERT_CONNECT_FAIL
network error:10061
