Tue Sep 19 20:31:39 2017
0 - CERT_CONNECTED
Tue Sep 19 20:31:39 2017
2 - CERT_SRVR_LIST
Tue Sep 19 20:31:39 2017
4 - LOGIN_CONNECTED
Tue Sep 19 20:31:39 2017
8 - LOGIN_CACHE_ADDR
Tue Sep 19 20:31:39 2017
6 - LOGIN_PLAYER_LIST
Tue Sep 19 20:31:39 2017
15 - CERT_DISCONNECT
network error:64
Tue Sep 19 20:31:39 2017
9 - CACHE_CONNECTED
Tue Sep 19 20:31:40 2017
11 - LOGIN_REQ_PREJOIN
Tue Sep 19 20:31:40 2017
12 - LOGIN_ACK_PREJOIN
Tue Sep 19 20:31:41 2017
13 - CACHE_ACK_JOIN
Tue Sep 19 20:31:41 2017
13 - CACHE_ACK_JOIN
