Wed Sep 06 18:39:24 2017
0 - CERT_CONNECTED
Wed Sep 06 18:39:24 2017
2 - CERT_SRVR_LIST
Wed Sep 06 18:39:24 2017
4 - LOGIN_CONNECTED
Wed Sep 06 18:39:24 2017
8 - LOGIN_CACHE_ADDR
Wed Sep 06 18:39:24 2017
6 - LOGIN_PLAYER_LIST
Wed Sep 06 18:39:24 2017
15 - CERT_DISCONNECT
network error:64
Wed Sep 06 18:39:24 2017
9 - CACHE_CONNECTED
Wed Sep 06 18:39:25 2017
11 - LOGIN_REQ_PREJOIN
Wed Sep 06 18:39:25 2017
12 - LOGIN_ACK_PREJOIN
Wed Sep 06 18:39:26 2017
13 - CACHE_ACK_JOIN
Wed Sep 06 18:44:32 2017
17 - CACHE_DISCONNECT
network error:64
Wed Sep 06 18:44:32 2017
16 - LOGIN_DISCONNECT
network error:64
Wed Sep 06 18:44:58 2017
0 - CERT_CONNECTED
Wed Sep 06 18:44:58 2017
2 - CERT_SRVR_LIST
Wed Sep 06 18:44:58 2017
4 - LOGIN_CONNECTED
Wed Sep 06 18:44:58 2017
8 - LOGIN_CACHE_ADDR
Wed Sep 06 18:44:58 2017
6 - LOGIN_PLAYER_LIST
Wed Sep 06 18:44:58 2017
15 - CERT_DISCONNECT
network error:64
Wed Sep 06 18:44:58 2017
9 - CACHE_CONNECTED
Wed Sep 06 18:44:59 2017
11 - LOGIN_REQ_PREJOIN
Wed Sep 06 18:44:59 2017
12 - LOGIN_ACK_PREJOIN
Wed Sep 06 18:45:00 2017
13 - CACHE_ACK_JOIN
Wed Sep 06 18:51:28 2017
17 - CACHE_DISCONNECT
network error:64
Wed Sep 06 18:51:28 2017
16 - LOGIN_DISCONNECT
network error:64
Wed Sep 06 18:51:54 2017
0 - CERT_CONNECTED
Wed Sep 06 18:51:54 2017
2 - CERT_SRVR_LIST
Wed Sep 06 18:51:54 2017
4 - LOGIN_CONNECTED
Wed Sep 06 18:51:54 2017
8 - LOGIN_CACHE_ADDR
Wed Sep 06 18:51:54 2017
6 - LOGIN_PLAYER_LIST
Wed Sep 06 18:51:54 2017
15 - CERT_DISCONNECT
network error:64
Wed Sep 06 18:51:54 2017
9 - CACHE_CONNECTED
Wed Sep 06 18:51:55 2017
11 - LOGIN_REQ_PREJOIN
Wed Sep 06 18:51:55 2017
12 - LOGIN_ACK_PREJOIN
Wed Sep 06 18:51:56 2017
13 - CACHE_ACK_JOIN
Wed Sep 06 18:54:23 2017
17 - CACHE_DISCONNECT
network error:64
Wed Sep 06 18:54:23 2017
16 - LOGIN_DISCONNECT
network error:64
Wed Sep 06 18:54:39 2017
0 - CERT_CONNECTED
Wed Sep 06 18:54:39 2017
2 - CERT_SRVR_LIST
Wed Sep 06 18:54:39 2017
4 - LOGIN_CONNECTED
Wed Sep 06 18:54:39 2017
8 - LOGIN_CACHE_ADDR
Wed Sep 06 18:54:39 2017
15 - CERT_DISCONNECT
network error:64
Wed Sep 06 18:54:39 2017
6 - LOGIN_PLAYER_LIST
Wed Sep 06 18:54:40 2017
9 - CACHE_CONNECTED
Wed Sep 06 18:54:41 2017
11 - LOGIN_REQ_PREJOIN
Wed Sep 06 18:54:41 2017
12 - LOGIN_ACK_PREJOIN
Wed Sep 06 18:54:41 2017
13 - CACHE_ACK_JOIN
Wed Sep 06 18:59:07 2017
0 - CERT_CONNECTED
Wed Sep 06 18:59:08 2017
2 - CERT_SRVR_LIST
Wed Sep 06 18:59:08 2017
4 - LOGIN_CONNECTED
Wed Sep 06 18:59:08 2017
8 - LOGIN_CACHE_ADDR
Wed Sep 06 18:59:08 2017
6 - LOGIN_PLAYER_LIST
Wed Sep 06 18:59:08 2017
15 - CERT_DISCONNECT
network error:64
Wed Sep 06 18:59:08 2017
9 - CACHE_CONNECTED
Wed Sep 06 18:59:09 2017
11 - LOGIN_REQ_PREJOIN
Wed Sep 06 18:59:09 2017
12 - LOGIN_ACK_PREJOIN
Wed Sep 06 18:59:09 2017
13 - CACHE_ACK_JOIN
